<?xml version="1.0" encoding="UTF-8"?>
<!-- Generated by org.testng.reporters.JUnitReportReporter -->
<testsuite hostname="DESKTOP-TFRDF44" failures="0" tests="1" name="newpro.fall1test" time="0.025" errors="0" timestamp="2021-11-12T14:32:46 IST" skipped="0">
  <testcase classname="newpro.fall1test" name="camera1" time="0.025"/>
  <system-out/>
</testsuite> <!-- newpro.fall1test -->
